{"total": {"lines":{"total":2525,"covered":249,"skipped":0,"pct":9.86},"statements":{"total":2654,"covered":257,"skipped":0,"pct":9.68},"functions":{"total":799,"covered":43,"skipped":0,"pct":5.38},"branches":{"total":2577,"covered":163,"skipped":0,"pct":6.32},"branchesTrue":{"total":0,"covered":0,"skipped":0,"pct":100}}
,"/Users/jodybeggs/Documents/new-crm/river-side-herald/src/components/admin/MediaLibrary.tsx": {"lines":{"total":86,"covered":0,"skipped":0,"pct":0},"functions":{"total":24,"covered":0,"skipped":0,"pct":0},"statements":{"total":92,"covered":0,"skipped":0,"pct":0},"branches":{"total":61,"covered":0,"skipped":0,"pct":0}}
,"/Users/jodybeggs/Documents/new-crm/river-side-herald/src/components/articles/ArticleEditor.tsx": {"lines":{"total":70,"covered":0,"skipped":0,"pct":0},"functions":{"total":27,"covered":0,"skipped":0,"pct":0},"statements":{"total":78,"covered":0,"skipped":0,"pct":0},"branches":{"total":52,"covered":0,"skipped":0,"pct":0}}
,"/Users/jodybeggs/Documents/new-crm/river-side-herald/src/components/articles/ArticleEditorModal.tsx": {"lines":{"total":57,"covered":0,"skipped":0,"pct":0},"functions":{"total":11,"covered":0,"skipped":0,"pct":0},"statements":{"total":59,"covered":0,"skipped":0,"pct":0},"branches":{"total":78,"covered":0,"skipped":0,"pct":0}}
,"/Users/jodybeggs/Documents/new-crm/river-side-herald/src/components/articles/BusinessLinkedArticleCreator.tsx": {"lines":{"total":15,"covered":0,"skipped":0,"pct":0},"functions":{"total":9,"covered":0,"skipped":0,"pct":0},"statements":{"total":15,"covered":0,"skipped":0,"pct":0},"branches":{"total":8,"covered":0,"skipped":0,"pct":0}}
,"/Users/jodybeggs/Documents/new-crm/river-side-herald/src/components/articles/EnhancedArticleEditor.tsx": {"lines":{"total":372,"covered":0,"skipped":0,"pct":0},"functions":{"total":110,"covered":0,"skipped":0,"pct":0},"statements":{"total":408,"covered":0,"skipped":0,"pct":0},"branches":{"total":432,"covered":0,"skipped":0,"pct":0}}
,"/Users/jodybeggs/Documents/new-crm/river-side-herald/src/components/articles/RelatedArticles.tsx": {"lines":{"total":29,"covered":0,"skipped":0,"pct":0},"functions":{"total":10,"covered":0,"skipped":0,"pct":0},"statements":{"total":30,"covered":0,"skipped":0,"pct":0},"branches":{"total":42,"covered":0,"skipped":0,"pct":0}}
,"/Users/jodybeggs/Documents/new-crm/river-side-herald/src/components/articles/ShareButtons.tsx": {"lines":{"total":23,"covered":0,"skipped":0,"pct":0},"functions":{"total":10,"covered":0,"skipped":0,"pct":0},"statements":{"total":24,"covered":0,"skipped":0,"pct":0},"branches":{"total":12,"covered":0,"skipped":0,"pct":0}}
,"/Users/jodybeggs/Documents/new-crm/river-side-herald/src/components/auth/AuthButton.tsx": {"lines":{"total":27,"covered":0,"skipped":0,"pct":0},"functions":{"total":10,"covered":0,"skipped":0,"pct":0},"statements":{"total":31,"covered":0,"skipped":0,"pct":0},"branches":{"total":43,"covered":0,"skipped":0,"pct":0}}
,"/Users/jodybeggs/Documents/new-crm/river-side-herald/src/components/auth/AuthMessage.tsx": {"lines":{"total":22,"covered":0,"skipped":0,"pct":0},"functions":{"total":5,"covered":0,"skipped":0,"pct":0},"statements":{"total":24,"covered":0,"skipped":0,"pct":0},"branches":{"total":10,"covered":0,"skipped":0,"pct":0}}
,"/Users/jodybeggs/Documents/new-crm/river-side-herald/src/components/auth/AuthModal.tsx": {"lines":{"total":23,"covered":0,"skipped":0,"pct":0},"functions":{"total":9,"covered":0,"skipped":0,"pct":0},"statements":{"total":24,"covered":0,"skipped":0,"pct":0},"branches":{"total":13,"covered":0,"skipped":0,"pct":0}}
,"/Users/jodybeggs/Documents/new-crm/river-side-herald/src/components/auth/LoginForm.tsx": {"lines":{"total":38,"covered":34,"skipped":0,"pct":89.47},"functions":{"total":5,"covered":4,"skipped":0,"pct":80},"statements":{"total":38,"covered":34,"skipped":0,"pct":89.47},"branches":{"total":19,"covered":15,"skipped":0,"pct":78.94}}
,"/Users/jodybeggs/Documents/new-crm/river-side-herald/src/components/auth/SignUpForm.tsx": {"lines":{"total":70,"covered":47,"skipped":0,"pct":67.14},"functions":{"total":17,"covered":10,"skipped":0,"pct":58.82},"statements":{"total":72,"covered":48,"skipped":0,"pct":66.66},"branches":{"total":51,"covered":30,"skipped":0,"pct":58.82}}
,"/Users/jodybeggs/Documents/new-crm/river-side-herald/src/components/businesses/BusinessAuthModal.tsx": {"lines":{"total":51,"covered":0,"skipped":0,"pct":0},"functions":{"total":9,"covered":0,"skipped":0,"pct":0},"statements":{"total":51,"covered":0,"skipped":0,"pct":0},"branches":{"total":38,"covered":0,"skipped":0,"pct":0}}
,"/Users/jodybeggs/Documents/new-crm/river-side-herald/src/components/businesses/BusinessCreationWizard.tsx": {"lines":{"total":89,"covered":0,"skipped":0,"pct":0},"functions":{"total":47,"covered":0,"skipped":0,"pct":0},"statements":{"total":95,"covered":0,"skipped":0,"pct":0},"branches":{"total":53,"covered":0,"skipped":0,"pct":0}}
,"/Users/jodybeggs/Documents/new-crm/river-side-herald/src/components/businesses/BusinessEditButton.tsx": {"lines":{"total":30,"covered":0,"skipped":0,"pct":0},"functions":{"total":6,"covered":0,"skipped":0,"pct":0},"statements":{"total":30,"covered":0,"skipped":0,"pct":0},"branches":{"total":16,"covered":0,"skipped":0,"pct":0}}
,"/Users/jodybeggs/Documents/new-crm/river-side-herald/src/components/businesses/BusinessEditModal.tsx": {"lines":{"total":202,"covered":0,"skipped":0,"pct":0},"functions":{"total":59,"covered":0,"skipped":0,"pct":0},"statements":{"total":209,"covered":0,"skipped":0,"pct":0},"branches":{"total":218,"covered":0,"skipped":0,"pct":0}}
,"/Users/jodybeggs/Documents/new-crm/river-side-herald/src/components/businesses/BusinessSearchAndFilter.tsx": {"lines":{"total":36,"covered":0,"skipped":0,"pct":0},"functions":{"total":15,"covered":0,"skipped":0,"pct":0},"statements":{"total":38,"covered":0,"skipped":0,"pct":0},"branches":{"total":70,"covered":0,"skipped":0,"pct":0}}
,"/Users/jodybeggs/Documents/new-crm/river-side-herald/src/components/businesses/FeaturedBusinessCard.tsx": {"lines":{"total":25,"covered":0,"skipped":0,"pct":0},"functions":{"total":12,"covered":0,"skipped":0,"pct":0},"statements":{"total":28,"covered":0,"skipped":0,"pct":0},"branches":{"total":65,"covered":0,"skipped":0,"pct":0}}
,"/Users/jodybeggs/Documents/new-crm/river-side-herald/src/components/businesses/ProductGallery.tsx": {"lines":{"total":9,"covered":0,"skipped":0,"pct":0},"functions":{"total":4,"covered":0,"skipped":0,"pct":0},"statements":{"total":10,"covered":0,"skipped":0,"pct":0},"branches":{"total":12,"covered":0,"skipped":0,"pct":0}}
,"/Users/jodybeggs/Documents/new-crm/river-side-herald/src/components/businesses/ProductPreview.tsx": {"lines":{"total":23,"covered":0,"skipped":0,"pct":0},"functions":{"total":9,"covered":0,"skipped":0,"pct":0},"statements":{"total":26,"covered":0,"skipped":0,"pct":0},"branches":{"total":66,"covered":0,"skipped":0,"pct":0}}
,"/Users/jodybeggs/Documents/new-crm/river-side-herald/src/components/dashboard/ArticlesList.tsx": {"lines":{"total":29,"covered":0,"skipped":0,"pct":0},"functions":{"total":8,"covered":0,"skipped":0,"pct":0},"statements":{"total":31,"covered":0,"skipped":0,"pct":0},"branches":{"total":46,"covered":0,"skipped":0,"pct":0}}
,"/Users/jodybeggs/Documents/new-crm/river-side-herald/src/components/dashboard/CategoryManager.tsx": {"lines":{"total":69,"covered":0,"skipped":0,"pct":0},"functions":{"total":20,"covered":0,"skipped":0,"pct":0},"statements":{"total":73,"covered":0,"skipped":0,"pct":0},"branches":{"total":49,"covered":0,"skipped":0,"pct":0}}
,"/Users/jodybeggs/Documents/new-crm/river-side-herald/src/components/dashboard/DashboardLayout.tsx": {"lines":{"total":41,"covered":0,"skipped":0,"pct":0},"functions":{"total":14,"covered":0,"skipped":0,"pct":0},"statements":{"total":41,"covered":0,"skipped":0,"pct":0},"branches":{"total":34,"covered":0,"skipped":0,"pct":0}}
,"/Users/jodybeggs/Documents/new-crm/river-side-herald/src/components/dashboard/DashboardOverview.tsx": {"lines":{"total":56,"covered":0,"skipped":0,"pct":0},"functions":{"total":21,"covered":0,"skipped":0,"pct":0},"statements":{"total":57,"covered":0,"skipped":0,"pct":0},"branches":{"total":131,"covered":0,"skipped":0,"pct":0}}
,"/Users/jodybeggs/Documents/new-crm/river-side-herald/src/components/features/RegistrationButtons.tsx": {"lines":{"total":19,"covered":0,"skipped":0,"pct":0},"functions":{"total":6,"covered":0,"skipped":0,"pct":0},"statements":{"total":19,"covered":0,"skipped":0,"pct":0},"branches":{"total":2,"covered":0,"skipped":0,"pct":0}}
,"/Users/jodybeggs/Documents/new-crm/river-side-herald/src/components/layout/ClientHeader.tsx": {"lines":{"total":1,"covered":0,"skipped":0,"pct":0},"functions":{"total":1,"covered":0,"skipped":0,"pct":0},"statements":{"total":1,"covered":0,"skipped":0,"pct":0},"branches":{"total":0,"covered":0,"skipped":0,"pct":100}}
,"/Users/jodybeggs/Documents/new-crm/river-side-herald/src/components/layout/Footer.tsx": {"lines":{"total":14,"covered":0,"skipped":0,"pct":0},"functions":{"total":3,"covered":0,"skipped":0,"pct":0},"statements":{"total":14,"covered":0,"skipped":0,"pct":0},"branches":{"total":22,"covered":0,"skipped":0,"pct":0}}
,"/Users/jodybeggs/Documents/new-crm/river-side-herald/src/components/layout/FooterClient.tsx": {"lines":{"total":5,"covered":0,"skipped":0,"pct":0},"functions":{"total":3,"covered":0,"skipped":0,"pct":0},"statements":{"total":5,"covered":0,"skipped":0,"pct":0},"branches":{"total":17,"covered":0,"skipped":0,"pct":0}}
,"/Users/jodybeggs/Documents/new-crm/river-side-herald/src/components/layout/Header.tsx": {"lines":{"total":15,"covered":0,"skipped":0,"pct":0},"functions":{"total":4,"covered":0,"skipped":0,"pct":0},"statements":{"total":15,"covered":0,"skipped":0,"pct":0},"branches":{"total":10,"covered":0,"skipped":0,"pct":0}}
,"/Users/jodybeggs/Documents/new-crm/river-side-herald/src/components/layout/MobileNav.tsx": {"lines":{"total":22,"covered":0,"skipped":0,"pct":0},"functions":{"total":12,"covered":0,"skipped":0,"pct":0},"statements":{"total":22,"covered":0,"skipped":0,"pct":0},"branches":{"total":22,"covered":0,"skipped":0,"pct":0}}
,"/Users/jodybeggs/Documents/new-crm/river-side-herald/src/components/media/MediaPicker.tsx": {"lines":{"total":22,"covered":0,"skipped":0,"pct":0},"functions":{"total":9,"covered":0,"skipped":0,"pct":0},"statements":{"total":24,"covered":0,"skipped":0,"pct":0},"branches":{"total":19,"covered":0,"skipped":0,"pct":0}}
,"/Users/jodybeggs/Documents/new-crm/river-side-herald/src/components/profile/AdminSection.tsx": {"lines":{"total":37,"covered":0,"skipped":0,"pct":0},"functions":{"total":16,"covered":0,"skipped":0,"pct":0},"statements":{"total":38,"covered":0,"skipped":0,"pct":0},"branches":{"total":12,"covered":0,"skipped":0,"pct":0}}
,"/Users/jodybeggs/Documents/new-crm/river-side-herald/src/components/profile/AuthorDashboard.tsx": {"lines":{"total":28,"covered":0,"skipped":0,"pct":0},"functions":{"total":13,"covered":0,"skipped":0,"pct":0},"statements":{"total":32,"covered":0,"skipped":0,"pct":0},"branches":{"total":31,"covered":0,"skipped":0,"pct":0}}
,"/Users/jodybeggs/Documents/new-crm/river-side-herald/src/components/profile/BusinessOwnerSection.tsx": {"lines":{"total":26,"covered":0,"skipped":0,"pct":0},"functions":{"total":17,"covered":0,"skipped":0,"pct":0},"statements":{"total":28,"covered":0,"skipped":0,"pct":0},"branches":{"total":33,"covered":0,"skipped":0,"pct":0}}
,"/Users/jodybeggs/Documents/new-crm/river-side-herald/src/components/profile/NotificationSettings.tsx": {"lines":{"total":50,"covered":0,"skipped":0,"pct":0},"functions":{"total":19,"covered":0,"skipped":0,"pct":0},"statements":{"total":52,"covered":0,"skipped":0,"pct":0},"branches":{"total":44,"covered":0,"skipped":0,"pct":0}}
,"/Users/jodybeggs/Documents/new-crm/river-side-herald/src/components/profile/PersonalInfoSection.tsx": {"lines":{"total":56,"covered":0,"skipped":0,"pct":0},"functions":{"total":22,"covered":0,"skipped":0,"pct":0},"statements":{"total":63,"covered":0,"skipped":0,"pct":0},"branches":{"total":88,"covered":0,"skipped":0,"pct":0}}
,"/Users/jodybeggs/Documents/new-crm/river-side-herald/src/components/profile/ProfilePage.tsx": {"lines":{"total":41,"covered":0,"skipped":0,"pct":0},"functions":{"total":11,"covered":0,"skipped":0,"pct":0},"statements":{"total":41,"covered":0,"skipped":0,"pct":0},"branches":{"total":74,"covered":0,"skipped":0,"pct":0}}
,"/Users/jodybeggs/Documents/new-crm/river-side-herald/src/components/profile/SubscriberSection.tsx": {"lines":{"total":27,"covered":0,"skipped":0,"pct":0},"functions":{"total":12,"covered":0,"skipped":0,"pct":0},"statements":{"total":27,"covered":0,"skipped":0,"pct":0},"branches":{"total":67,"covered":0,"skipped":0,"pct":0}}
,"/Users/jodybeggs/Documents/new-crm/river-side-herald/src/components/ui/ArticleCard.tsx": {"lines":{"total":49,"covered":0,"skipped":0,"pct":0},"functions":{"total":15,"covered":0,"skipped":0,"pct":0},"statements":{"total":53,"covered":0,"skipped":0,"pct":0},"branches":{"total":84,"covered":0,"skipped":0,"pct":0}}
,"/Users/jodybeggs/Documents/new-crm/river-side-herald/src/components/ui/Toast.tsx": {"lines":{"total":11,"covered":0,"skipped":0,"pct":0},"functions":{"total":5,"covered":0,"skipped":0,"pct":0},"statements":{"total":12,"covered":0,"skipped":0,"pct":0},"branches":{"total":4,"covered":0,"skipped":0,"pct":0}}
,"/Users/jodybeggs/Documents/new-crm/river-side-herald/src/contexts/AuthContext.tsx": {"lines":{"total":102,"covered":0,"skipped":0,"pct":0},"functions":{"total":11,"covered":0,"skipped":0,"pct":0},"statements":{"total":102,"covered":0,"skipped":0,"pct":0},"branches":{"total":54,"covered":0,"skipped":0,"pct":0}}
,"/Users/jodybeggs/Documents/new-crm/river-side-herald/src/contexts/ToastContext.tsx": {"lines":{"total":22,"covered":0,"skipped":0,"pct":0},"functions":{"total":12,"covered":0,"skipped":0,"pct":0},"statements":{"total":25,"covered":0,"skipped":0,"pct":0},"branches":{"total":5,"covered":0,"skipped":0,"pct":0}}
,"/Users/jodybeggs/Documents/new-crm/river-side-herald/src/lib/api-server.ts": {"lines":{"total":140,"covered":0,"skipped":0,"pct":0},"functions":{"total":28,"covered":0,"skipped":0,"pct":0},"statements":{"total":142,"covered":0,"skipped":0,"pct":0},"branches":{"total":131,"covered":0,"skipped":0,"pct":0}}
,"/Users/jodybeggs/Documents/new-crm/river-side-herald/src/lib/api.ts": {"lines":{"total":291,"covered":119,"skipped":0,"pct":40.89},"functions":{"total":92,"covered":17,"skipped":0,"pct":18.47},"statements":{"total":298,"covered":124,"skipped":0,"pct":41.61},"branches":{"total":192,"covered":78,"skipped":0,"pct":40.62}}
,"/Users/jodybeggs/Documents/new-crm/river-side-herald/src/lib/business-products.ts": {"lines":{"total":1,"covered":0,"skipped":0,"pct":0},"functions":{"total":0,"covered":0,"skipped":0,"pct":100},"statements":{"total":1,"covered":0,"skipped":0,"pct":0},"branches":{"total":0,"covered":0,"skipped":0,"pct":100}}
,"/Users/jodybeggs/Documents/new-crm/river-side-herald/src/lib/enhanced-types.ts": {"lines":{"total":0,"covered":0,"skipped":0,"pct":0},"functions":{"total":0,"covered":0,"skipped":0,"pct":0},"statements":{"total":0,"covered":0,"skipped":0,"pct":0},"branches":{"total":0,"covered":0,"skipped":0,"pct":0}}
,"/Users/jodybeggs/Documents/new-crm/river-side-herald/src/lib/image-utils.ts": {"lines":{"total":17,"covered":17,"skipped":0,"pct":100},"functions":{"total":3,"covered":3,"skipped":0,"pct":100},"statements":{"total":19,"covered":19,"skipped":0,"pct":100},"branches":{"total":23,"covered":22,"skipped":0,"pct":95.65}}
,"/Users/jodybeggs/Documents/new-crm/river-side-herald/src/lib/supabase-server.ts": {"lines":{"total":3,"covered":0,"skipped":0,"pct":0},"functions":{"total":3,"covered":0,"skipped":0,"pct":0},"statements":{"total":3,"covered":0,"skipped":0,"pct":0},"branches":{"total":0,"covered":0,"skipped":0,"pct":100}}
,"/Users/jodybeggs/Documents/new-crm/river-side-herald/src/lib/supabase.ts": {"lines":{"total":1,"covered":0,"skipped":0,"pct":0},"functions":{"total":1,"covered":0,"skipped":0,"pct":0},"statements":{"total":1,"covered":0,"skipped":0,"pct":0},"branches":{"total":0,"covered":0,"skipped":0,"pct":100}}
,"/Users/jodybeggs/Documents/new-crm/river-side-herald/src/lib/types.ts": {"lines":{"total":0,"covered":0,"skipped":0,"pct":0},"functions":{"total":0,"covered":0,"skipped":0,"pct":0},"statements":{"total":0,"covered":0,"skipped":0,"pct":0},"branches":{"total":0,"covered":0,"skipped":0,"pct":0}}
,"/Users/jodybeggs/Documents/new-crm/river-side-herald/src/lib/validation.ts": {"lines":{"total":33,"covered":32,"skipped":0,"pct":96.96},"functions":{"total":10,"covered":9,"skipped":0,"pct":90},"statements":{"total":33,"covered":32,"skipped":0,"pct":96.96},"branches":{"total":24,"covered":18,"skipped":0,"pct":75}}
}
